0 verbose cli /usr/local/bin/node /usr/local/bin/npm
1 info using npm@8.19.2
2 info using node@v18.10.0
3 timing npm:load:whichnode Completed in 0ms
4 timing config:load:defaults Completed in 1ms
5 timing config:load:file:/usr/local/lib/node_modules/npm/npmrc Completed in 1ms
6 timing config:load:builtin Completed in 1ms
7 timing config:load:cli Completed in 2ms
8 timing config:load:env Completed in 1ms
9 timing config:load:file:/Users/yunisong/Desktop/2022Autumn/TID/projects/StudentIT/.npmrc Completed in 0ms
10 timing config:load:project Completed in 5ms
11 timing config:load:file:/Users/yunisong/.npmrc Completed in 0ms
12 timing config:load:user Completed in 1ms
13 timing config:load:file:/usr/local/etc/npmrc Completed in 0ms
14 timing config:load:global Completed in 0ms
15 timing config:load:validate Completed in 1ms
16 timing config:load:credentials Completed in 0ms
17 timing config:load:setEnvs Completed in 1ms
18 timing config:load Completed in 14ms
19 timing npm:load:configload Completed in 14ms
20 timing npm:load:mkdirpcache Completed in 1ms
21 timing npm:load:mkdirplogs Completed in 0ms
22 verbose title npm view react-dom description dist-tags.latest homepage version
23 verbose argv "view" "--json" "react-dom" "description" "dist-tags.latest" "homepage" "version"
24 timing npm:load:setTitle Completed in 17ms
25 timing config:load:flatten Completed in 3ms
26 timing npm:load:display Completed in 4ms
27 verbose logfile logs-max:10 dir:/Users/yunisong/Desktop/2022Autumn/TID/projects/StudentIT/C:\Users\Firstname~1\AppData\Roaming\npm-cache/_logs
28 verbose logfile /Users/yunisong/Desktop/2022Autumn/TID/projects/StudentIT/C:\Users\Firstname~1\AppData\Roaming\npm-cache/_logs/2022-11-28T10_58_01_764Z-debug-0.log
29 timing npm:load:logFile Completed in 4ms
30 timing npm:load:timers Completed in 0ms
31 timing npm:load:configScope Completed in 0ms
32 timing npm:load Completed in 40ms
33 silly logfile done cleaning log files
34 http fetch GET 200 https://registry.npmjs.org/react-dom 661ms (cache miss)
35 timing command:view Completed in 764ms
36 verbose exit 0
37 timing npm Completed in 810ms
38 info ok
